#
# There is insufficient memory for the Java Runtime Environment to continue.
# Native memory allocation (malloc) failed to allocate 1050416 bytes for Chunk::new
# Possible reasons:
#   The system is out of physical RAM or swap space
#   The process is running with CompressedOops enabled, and the Java Heap may be blocking the growth of the native heap
# Possible solutions:
#   Reduce memory load on the system
#   Increase physical memory or swap space
#   Check if swap backing store is full
#   Decrease Java heap size (-Xmx/-Xms)
#   Decrease number of Java threads
#   Decrease Java thread stack sizes (-Xss)
#   Set larger code cache with -XX:ReservedCodeCacheSize=
#   JVM is running with Unscaled Compressed Oops mode in which the Java heap is
#     placed in the first 4GB address space. The Java Heap base address is the
#     maximum limit for the native heap growth. Please use -XX:HeapBaseMinAddress
#     to set the Java Heap base and to place the Java Heap above 4GB virtual address.
# This output file may be truncated or incomplete.
#
#  Out of Memory Error (./src/hotspot/share/memory/arena.cpp:197), pid=21260, tid=2084
#
# JRE version: OpenJDK Runtime Environment (11.0.12+7) (build 11.0.12+7-b1504.28-7817840)
# Java VM: OpenJDK 64-Bit Server VM (11.0.12+7-b1504.28-7817840, mixed mode, tiered, compressed oops, g1 gc, windows-amd64)
# No core dump will be written. Minidumps are not enabled by default on client versions of Windows
#

---------------  S U M M A R Y ------------

Command Line: --add-opens=java.base/java.util=ALL-UNNAMED --add-opens=java.base/java.lang=ALL-UNNAMED --add-opens=java.base/java.lang.invoke=ALL-UNNAMED --add-opens=java.base/java.util=ALL-UNNAMED --add-opens=java.prefs/java.util.prefs=ALL-UNNAMED --add-opens=java.prefs/java.util.prefs=ALL-UNNAMED --add-opens=java.base/java.nio.charset=ALL-UNNAMED --add-opens=java.base/java.net=ALL-UNNAMED --add-opens=java.base/java.util.concurrent.atomic=ALL-UNNAMED -Xmx1536M -Dfile.encoding=windows-1254 -Duser.country=US -Duser.language=en -Duser.variant org.gradle.launcher.daemon.bootstrap.GradleDaemon 7.5

Host: AMD Ryzen 7 3700U with Radeon Vega Mobile Gfx  , 8 cores, 5G,  Windows 10 , 64 bit Build 22621 (10.0.22621.2506)
Time: Mon Jan  1 13:00:37 2024 Turkey Standard Time elapsed time: 40.302044 seconds (0d 0h 0m 40s)

---------------  T H R E A D  ---------------

Current thread (0x0000017bf858c800):  JavaThread "C2 CompilerThread0" daemon [_thread_in_native, id=2084, stack(0x0000000599800000,0x0000000599900000)]


Current CompileTask:
C2:  40302 8580       4       groovy.lang.MetaClassImpl$1MOPIter::methodNameAction (325 bytes)

Stack: [0x0000000599800000,0x0000000599900000]
Native frames: (J=compiled Java code, j=interpreted, Vv=VM code, C=native code)
V  [jvm.dll+0x5fbcea]
V  [jvm.dll+0x731905]
V  [jvm.dll+0x732f1d]
V  [jvm.dll+0x7335d3]
V  [jvm.dll+0x247bf8]
V  [jvm.dll+0xc018c]
V  [jvm.dll+0xc06cc]
V  [jvm.dll+0x2bcc04]
V  [jvm.dll+0x5113a8]
V  [jvm.dll+0x208303]
V  [jvm.dll+0x201fe0]
V  [jvm.dll+0x1ff71f]
V  [jvm.dll+0x18868c]
V  [jvm.dll+0x20e0d7]
V  [jvm.dll+0x20c901]
V  [jvm.dll+0x6f9b7f]
V  [jvm.dll+0x6f26a5]
V  [jvm.dll+0x5fabf6]
C  [ucrtbase.dll+0x29363]
C  [KERNEL32.DLL+0x1257d]
C  [ntdll.dll+0x5aa58]


---------------  P R O C E S S  ---------------

Threads class SMR info:
_java_thread_list=0x0000017bff561f40, length=133, elements={
0x0000017bee401800, 0x0000017bf856a000, 0x0000017bf8575000, 0x0000017bf8ef2800,
0x0000017bf858a800, 0x0000017bf858b800, 0x0000017bf858c800, 0x0000017bf8599000,
0x0000017bf859c000, 0x0000017bf9070000, 0x0000017bf9e04000, 0x0000017bfaa53000,
0x0000017bfa897800, 0x0000017bf9680800, 0x0000017bfac9c800, 0x0000017bfa13d000,
0x0000017bfa277800, 0x0000017bfa5bf000, 0x0000017bfa13c800, 0x0000017bf9ded000,
0x0000017bf9deb800, 0x0000017bf9dee800, 0x0000017bf9dee000, 0x0000017bf9dec000,
0x0000017bf9de9000, 0x0000017bf9def800, 0x0000017bf9de9800, 0x0000017bf9dea800,
0x0000017bfd093000, 0x0000017bfd093800, 0x0000017bfd094800, 0x0000017bfd090800,
0x0000017bfd097000, 0x0000017bfd091000, 0x0000017bfd097800, 0x0000017bfd092000,
0x0000017bfd09c000, 0x0000017bfd09d800, 0x0000017bfd09c800, 0x0000017bfd09e000,
0x0000017bfd09a000, 0x0000017bfd098800, 0x0000017bfd099800, 0x0000017bfd09b000,
0x0000017bfd09f000, 0x0000017bfaef1800, 0x0000017bfaeef000, 0x0000017bfaeed000,
0x0000017bfaef2000, 0x0000017bfaeef800, 0x0000017bfaeee000, 0x0000017bfaef0800,
0x0000017bfaeec800, 0x0000017bfaef6000, 0x0000017bfaef8000, 0x0000017bfaef8800,
0x0000017bfaef4000, 0x0000017bfaef4800, 0x0000017bfaef3000, 0x0000017bfaefb000,
0x0000017bfaef9800, 0x0000017bfaefa800, 0x0000017bfaef7000, 0x0000017bfaef5800,
0x0000017bfb214800, 0x0000017bfb21a000, 0x0000017bfb217000, 0x0000017bfb21b000,
0x0000017bfb215000, 0x0000017bfb218800, 0x0000017bfb21b800, 0x0000017bfb219000,
0x0000017bfb217800, 0x0000017bfb216000, 0x0000017bfb21c800, 0x0000017bfb222000,
0x0000017bfb21f000, 0x0000017bfb21e000, 0x0000017bfb221800, 0x0000017bfb220000,
0x0000017bfb220800, 0x0000017bfb223000, 0x0000017bfb21d800, 0x0000017bfb242800,
0x0000017bfb245800, 0x0000017bfb244800, 0x0000017bfb240800, 0x0000017bfb243000,
0x0000017bfb240000, 0x0000017bfb246800, 0x0000017bfb247000, 0x0000017bfb244000,
0x0000017bfb241800, 0x0000017bfb249000, 0x0000017bfb24a800, 0x0000017bfb24b800,
0x0000017bfb249800, 0x0000017bfb248000, 0x0000017bfb24e800, 0x0000017bfb24c000,
0x0000017bfb24d000, 0x0000017bfb24d800, 0x0000017bfefea800, 0x0000017bfefeb800,
0x0000017bfefe9000, 0x0000017bfefea000, 0x0000017bfefec800, 0x0000017bfefed000,
0x0000017bfefee000, 0x0000017bfefe8800, 0x0000017bfeff4800, 0x0000017bfefef000,
0x0000017bfefef800, 0x0000017bfeff1800, 0x0000017bfeff2000, 0x0000017bfeff5800,
0x0000017bfeff3000, 0x0000017bfeff0800, 0x0000017bfeff3800, 0x0000017bfeff6000,
0x0000017bfeff7000, 0x0000017bfa909000, 0x0000017bfa90a000, 0x0000017bfa906800,
0x0000017bfa90b000, 0x0000017bfa90c800, 0x0000017bfa90e000, 0x0000017bfa90b800,
0x0000017bfa90d000, 0x0000017bfa908800, 0x0000017bfa90f800, 0x0000017bfa914800,
0x0000017bfa90f000
}

Java Threads: ( => current thread )
  0x0000017bee401800 JavaThread "main" [_thread_blocked, id=23456, stack(0x0000000598c00000,0x0000000598d00000)]
  0x0000017bf856a000 JavaThread "Reference Handler" daemon [_thread_blocked, id=28628, stack(0x0000000599300000,0x0000000599400000)]
  0x0000017bf8575000 JavaThread "Finalizer" daemon [_thread_blocked, id=23292, stack(0x0000000599400000,0x0000000599500000)]
  0x0000017bf8ef2800 JavaThread "Signal Dispatcher" daemon [_thread_blocked, id=13188, stack(0x0000000599500000,0x0000000599600000)]
  0x0000017bf858a800 JavaThread "Attach Listener" daemon [_thread_blocked, id=17604, stack(0x0000000599600000,0x0000000599700000)]
  0x0000017bf858b800 JavaThread "Service Thread" daemon [_thread_blocked, id=18424, stack(0x0000000599700000,0x0000000599800000)]
=>0x0000017bf858c800 JavaThread "C2 CompilerThread0" daemon [_thread_in_native, id=2084, stack(0x0000000599800000,0x0000000599900000)]
  0x0000017bf8599000 JavaThread "C1 CompilerThread0" daemon [_thread_blocked, id=29188, stack(0x0000000599900000,0x0000000599a00000)]
  0x0000017bf859c000 JavaThread "Sweeper thread" daemon [_thread_blocked, id=28496, stack(0x0000000599a00000,0x0000000599b00000)]
  0x0000017bf9070000 JavaThread "Common-Cleaner" daemon [_thread_blocked, id=18608, stack(0x0000000599b00000,0x0000000599c00000)]
  0x0000017bf9e04000 JavaThread "Daemon health stats" [_thread_blocked, id=27916, stack(0x0000000599e00000,0x0000000599f00000)]
  0x0000017bfaa53000 JavaThread "Incoming local TCP Connector on port 64624" [_thread_in_native, id=4016, stack(0x0000000599f00000,0x000000059a000000)]
  0x0000017bfa897800 JavaThread "Daemon periodic checks" [_thread_blocked, id=19648, stack(0x000000059a000000,0x000000059a100000)]
  0x0000017bf9680800 JavaThread "Daemon" [_thread_blocked, id=19448, stack(0x000000059a100000,0x000000059a200000)]
  0x0000017bfac9c800 JavaThread "Handler for socket connection from /127.0.0.1:64624 to /127.0.0.1:64625" [_thread_in_native, id=5612, stack(0x000000059a200000,0x000000059a300000)]
  0x0000017bfa13d000 JavaThread "Cancel handler" [_thread_blocked, id=22680, stack(0x000000059a300000,0x000000059a400000)]
  0x0000017bfa277800 JavaThread "Daemon worker" [_thread_in_vm, id=20928, stack(0x000000059a400000,0x000000059a500000)]
  0x0000017bfa5bf000 JavaThread "Asynchronous log dispatcher for DefaultDaemonConnection: socket connection from /127.0.0.1:64624 to /127.0.0.1:64625" [_thread_blocked, id=16400, stack(0x000000059a500000,0x000000059a600000)]
  0x0000017bfa13c800 JavaThread "Stdin handler" [_thread_blocked, id=30060, stack(0x000000059a600000,0x000000059a700000)]
  0x0000017bf9ded000 JavaThread "Daemon client event forwarder" [_thread_blocked, id=23300, stack(0x000000059a700000,0x000000059a800000)]
  0x0000017bf9deb800 JavaThread "Cache worker for journal cache (C:\Users\lenovo\.gradle\caches\journal-1)" [_thread_blocked, id=5432, stack(0x000000059a800000,0x000000059a900000)]
  0x0000017bf9dee800 JavaThread "File lock request listener" [_thread_in_native, id=23404, stack(0x000000059a900000,0x000000059aa00000)]
  0x0000017bf9dee000 JavaThread "Cache worker for file hash cache (C:\Users\lenovo\.gradle\caches\7.5\fileHashes)" [_thread_blocked, id=19132, stack(0x000000059aa00000,0x000000059ab00000)]
  0x0000017bf9dec000 JavaThread "File watcher server" daemon [_thread_in_native, id=18648, stack(0x000000059b200000,0x000000059b300000)]
  0x0000017bf9de9000 JavaThread "File watcher consumer" daemon [_thread_blocked, id=22660, stack(0x000000059b300000,0x000000059b400000)]
  0x0000017bf9def800 JavaThread "Cache worker for checksums cache (C:\Users\lenovo\Desktop\flutter-okul\ecommerce\android\.gradle\7.5\checksums)" [_thread_blocked, id=23544, stack(0x000000059b400000,0x000000059b500000)]
  0x0000017bf9de9800 JavaThread "Cache worker for cache directory md-rule (C:\Users\lenovo\.gradle\caches\7.5\md-rule)" [_thread_blocked, id=6824, stack(0x000000059b500000,0x000000059b600000)]
  0x0000017bf9dea800 JavaThread "Cache worker for file content cache (C:\Users\lenovo\.gradle\caches\7.5\fileContent)" [_thread_blocked, id=29268, stack(0x000000059b600000,0x000000059b700000)]
  0x0000017bfd093000 JavaThread "Cache worker for file hash cache (C:\Users\lenovo\Desktop\flutter-okul\ecommerce\android\.gradle\7.5\fileHashes)" [_thread_blocked, id=29212, stack(0x000000059b700000,0x000000059b800000)]
  0x0000017bfd093800 JavaThread "Cache worker for cache directory md-supplier (C:\Users\lenovo\.gradle\caches\7.5\md-supplier)" [_thread_blocked, id=27928, stack(0x000000059b800000,0x000000059b900000)]
  0x0000017bfd094800 JavaThread "Cache worker for execution history cache (C:\Users\lenovo\.gradle\caches\7.5\executionHistory)" [_thread_blocked, id=12824, stack(0x000000059b900000,0x000000059ba00000)]
  0x0000017bfd090800 JavaThread "jar transforms" [_thread_blocked, id=7604, stack(0x000000059ba00000,0x000000059bb00000)]
  0x0000017bfd097000 JavaThread "jar transforms Thread 2" [_thread_blocked, id=8864, stack(0x000000059bb00000,0x000000059bc00000)]
  0x0000017bfd091000 JavaThread "jar transforms Thread 3" [_thread_blocked, id=30588, stack(0x000000059bc00000,0x000000059bd00000)]
  0x0000017bfd097800 JavaThread "jar transforms Thread 4" [_thread_blocked, id=27856, stack(0x000000059bd00000,0x000000059be00000)]
  0x0000017bfd092000 JavaThread "Cache worker for dependencies-accessors (C:\Users\lenovo\Desktop\flutter-okul\ecommerce\android\.gradle\7.5\dependencies-accessors)" [_thread_blocked, id=22804, stack(0x000000059be00000,0x000000059bf00000)]
  0x0000017bfd09c000 JavaThread "jar transforms Thread 5" [_thread_blocked, id=29284, stack(0x000000059bf00000,0x000000059c000000)]
  0x0000017bfd09d800 JavaThread "Cache worker for Build Output Cleanup Cache (C:\Users\lenovo\Desktop\flutter-okul\ecommerce\android\.gradle\buildOutputCleanup)" [_thread_blocked, id=27636, stack(0x000000059c000000,0x000000059c100000)]
  0x0000017bfd09c800 JavaThread "Unconstrained build operations" [_thread_blocked, id=22036, stack(0x000000059c100000,0x000000059c200000)]
  0x0000017bfd09e000 JavaThread "Unconstrained build operations Thread 2" [_thread_blocked, id=26288, stack(0x000000059c200000,0x000000059c300000)]
  0x0000017bfd09a000 JavaThread "Unconstrained build operations Thread 3" [_thread_blocked, id=10660, stack(0x000000059c300000,0x000000059c400000)]
  0x0000017bfd098800 JavaThread "Unconstrained build operations Thread 4" [_thread_blocked, id=19596, stack(0x000000059c400000,0x000000059c500000)]
  0x0000017bfd099800 JavaThread "Unconstrained build operations Thread 5" [_thread_blocked, id=26896, stack(0x000000059c500000,0x000000059c600000)]
  0x0000017bfd09b000 JavaThread "Unconstrained build operations Thread 6" [_thread_blocked, id=27400, stack(0x000000059c600000,0x000000059c700000)]
  0x0000017bfd09f000 JavaThread "Unconstrained build operations Thread 7" [_thread_blocked, id=8452, stack(0x000000059c700000,0x000000059c800000)]
  0x0000017bfaef1800 JavaThread "Unconstrained build operations Thread 8" [_thread_blocked, id=27424, stack(0x000000059c800000,0x000000059c900000)]
  0x0000017bfaeef000 JavaThread "Unconstrained build operations Thread 9" [_thread_blocked, id=13560, stack(0x000000059c900000,0x000000059ca00000)]
  0x0000017bfaeed000 JavaThread "Unconstrained build operations Thread 10" [_thread_blocked, id=6556, stack(0x000000059ca00000,0x000000059cb00000)]
  0x0000017bfaef2000 JavaThread "Unconstrained build operations Thread 11" [_thread_blocked, id=26788, stack(0x000000059cb00000,0x000000059cc00000)]
  0x0000017bfaeef800 JavaThread "Unconstrained build operations Thread 12" [_thread_blocked, id=11060, stack(0x000000059cc00000,0x000000059cd00000)]
  0x0000017bfaeee000 JavaThread "Unconstrained build operations Thread 13" [_thread_blocked, id=25656, stack(0x000000059cd00000,0x000000059ce00000)]
  0x0000017bfaef0800 JavaThread "Unconstrained build operations Thread 14" [_thread_blocked, id=18948, stack(0x000000059ce00000,0x000000059cf00000)]
  0x0000017bfaeec800 JavaThread "Unconstrained build operations Thread 15" [_thread_blocked, id=25804, stack(0x000000059cf00000,0x000000059d000000)]
  0x0000017bfaef6000 JavaThread "Unconstrained build operations Thread 16" [_thread_blocked, id=23200, stack(0x000000059d000000,0x000000059d100000)]
  0x0000017bfaef8000 JavaThread "Unconstrained build operations Thread 17" [_thread_blocked, id=21428, stack(0x000000059d100000,0x000000059d200000)]
  0x0000017bfaef8800 JavaThread "Unconstrained build operations Thread 18" [_thread_blocked, id=25000, stack(0x000000059d200000,0x000000059d300000)]
  0x0000017bfaef4000 JavaThread "Unconstrained build operations Thread 19" [_thread_blocked, id=27700, stack(0x000000059d300000,0x000000059d400000)]
  0x0000017bfaef4800 JavaThread "Unconstrained build operations Thread 20" [_thread_blocked, id=1924, stack(0x000000059d400000,0x000000059d500000)]
  0x0000017bfaef3000 JavaThread "Unconstrained build operations Thread 21" [_thread_blocked, id=24368, stack(0x000000059d500000,0x000000059d600000)]
  0x0000017bfaefb000 JavaThread "Unconstrained build operations Thread 22" [_thread_blocked, id=26012, stack(0x000000059d600000,0x000000059d700000)]
  0x0000017bfaef9800 JavaThread "Unconstrained build operations Thread 23" [_thread_blocked, id=28248, stack(0x000000059d700000,0x000000059d800000)]
  0x0000017bfaefa800 JavaThread "Unconstrained build operations Thread 24" [_thread_blocked, id=30476, stack(0x000000059d800000,0x000000059d900000)]
  0x0000017bfaef7000 JavaThread "Unconstrained build operations Thread 25" [_thread_blocked, id=22296, stack(0x000000059d900000,0x000000059da00000)]
  0x0000017bfaef5800 JavaThread "Unconstrained build operations Thread 26" [_thread_blocked, id=29308, stack(0x000000059da00000,0x000000059db00000)]
  0x0000017bfb214800 JavaThread "Unconstrained build operations Thread 27" [_thread_blocked, id=4392, stack(0x000000059db00000,0x000000059dc00000)]
  0x0000017bfb21a000 JavaThread "Unconstrained build operations Thread 28" [_thread_blocked, id=28900, stack(0x000000059dc00000,0x000000059dd00000)]
  0x0000017bfb217000 JavaThread "Unconstrained build operations Thread 29" [_thread_blocked, id=18304, stack(0x000000059dd00000,0x000000059de00000)]
  0x0000017bfb21b000 JavaThread "Unconstrained build operations Thread 30" [_thread_blocked, id=19312, stack(0x000000059de00000,0x000000059df00000)]
  0x0000017bfb215000 JavaThread "Unconstrained build operations Thread 31" [_thread_blocked, id=17968, stack(0x000000059df00000,0x000000059e000000)]
  0x0000017bfb218800 JavaThread "Unconstrained build operations Thread 32" [_thread_blocked, id=19776, stack(0x000000059e000000,0x000000059e100000)]
  0x0000017bfb21b800 JavaThread "Unconstrained build operations Thread 33" [_thread_blocked, id=14960, stack(0x000000059e100000,0x000000059e200000)]
  0x0000017bfb219000 JavaThread "Unconstrained build operations Thread 34" [_thread_blocked, id=15644, stack(0x000000059e200000,0x000000059e300000)]
  0x0000017bfb217800 JavaThread "Unconstrained build operations Thread 35" [_thread_blocked, id=29520, stack(0x000000059e300000,0x000000059e400000)]
  0x0000017bfb216000 JavaThread "Unconstrained build operations Thread 36" [_thread_blocked, id=22576, stack(0x000000059e400000,0x000000059e500000)]
  0x0000017bfb21c800 JavaThread "Unconstrained build operations Thread 37" [_thread_blocked, id=13512, stack(0x000000059e500000,0x000000059e600000)]
  0x0000017bfb222000 JavaThread "Unconstrained build operations Thread 38" [_thread_blocked, id=24176, stack(0x000000059e600000,0x000000059e700000)]
  0x0000017bfb21f000 JavaThread "Unconstrained build operations Thread 39" [_thread_blocked, id=18712, stack(0x000000059e700000,0x000000059e800000)]
  0x0000017bfb21e000 JavaThread "Unconstrained build operations Thread 40" [_thread_blocked, id=28824, stack(0x000000059e800000,0x000000059e900000)]
  0x0000017bfb221800 JavaThread "Unconstrained build operations Thread 41" [_thread_blocked, id=14644, stack(0x000000059e900000,0x000000059ea00000)]
  0x0000017bfb220000 JavaThread "Unconstrained build operations Thread 42" [_thread_blocked, id=23960, stack(0x000000059ea00000,0x000000059eb00000)]
  0x0000017bfb220800 JavaThread "Unconstrained build operations Thread 43" [_thread_blocked, id=2832, stack(0x000000059eb00000,0x000000059ec00000)]
  0x0000017bfb223000 JavaThread "Unconstrained build operations Thread 44" [_thread_blocked, id=1524, stack(0x000000059ec00000,0x000000059ed00000)]
  0x0000017bfb21d800 JavaThread "Unconstrained build operations Thread 45" [_thread_blocked, id=26200, stack(0x000000059ed00000,0x000000059ee00000)]
  0x0000017bfb242800 JavaThread "Unconstrained build operations Thread 46" [_thread_blocked, id=10856, stack(0x000000059ee00000,0x000000059ef00000)]
  0x0000017bfb245800 JavaThread "Unconstrained build operations Thread 47" [_thread_blocked, id=27276, stack(0x000000059ef00000,0x000000059f000000)]
  0x0000017bfb244800 JavaThread "Unconstrained build operations Thread 48" [_thread_blocked, id=27888, stack(0x000000059f000000,0x000000059f100000)]
  0x0000017bfb240800 JavaThread "Unconstrained build operations Thread 49" [_thread_blocked, id=22848, stack(0x000000059f100000,0x000000059f200000)]
  0x0000017bfb243000 JavaThread "Unconstrained build operations Thread 50" [_thread_blocked, id=13164, stack(0x000000059f200000,0x000000059f300000)]
  0x0000017bfb240000 JavaThread "Unconstrained build operations Thread 51" [_thread_blocked, id=19604, stack(0x000000059f300000,0x000000059f400000)]
  0x0000017bfb246800 JavaThread "Unconstrained build operations Thread 52" [_thread_blocked, id=20904, stack(0x000000059f400000,0x000000059f500000)]
  0x0000017bfb247000 JavaThread "Unconstrained build operations Thread 53" [_thread_blocked, id=25944, stack(0x000000059f500000,0x000000059f600000)]
  0x0000017bfb244000 JavaThread "Unconstrained build operations Thread 54" [_thread_blocked, id=21112, stack(0x000000059f600000,0x000000059f700000)]
  0x0000017bfb241800 JavaThread "Unconstrained build operations Thread 55" [_thread_blocked, id=22416, stack(0x000000059f700000,0x000000059f800000)]
  0x0000017bfb249000 JavaThread "Unconstrained build operations Thread 56" [_thread_blocked, id=10084, stack(0x000000059f800000,0x000000059f900000)]
  0x0000017bfb24a800 JavaThread "Unconstrained build operations Thread 57" [_thread_blocked, id=2688, stack(0x000000059f900000,0x000000059fa00000)]
  0x0000017bfb24b800 JavaThread "Unconstrained build operations Thread 58" [_thread_blocked, id=30112, stack(0x000000059fa00000,0x000000059fb00000)]
  0x0000017bfb249800 JavaThread "Unconstrained build operations Thread 59" [_thread_blocked, id=28552, stack(0x000000059fb00000,0x000000059fc00000)]
  0x0000017bfb248000 JavaThread "Unconstrained build operations Thread 60" [_thread_blocked, id=25536, stack(0x000000059fc00000,0x000000059fd00000)]
  0x0000017bfb24e800 JavaThread "Unconstrained build operations Thread 61" [_thread_blocked, id=3580, stack(0x000000059fd00000,0x000000059fe00000)]
  0x0000017bfb24c000 JavaThread "Unconstrained build operations Thread 62" [_thread_blocked, id=28716, stack(0x000000059fe00000,0x000000059ff00000)]
  0x0000017bfb24d000 JavaThread "Unconstrained build operations Thread 63" [_thread_blocked, id=29016, stack(0x000000059ff00000,0x00000005a0000000)]
  0x0000017bfb24d800 JavaThread "Unconstrained build operations Thread 64" [_thread_blocked, id=25208, stack(0x00000005a0000000,0x00000005a0100000)]
  0x0000017bfefea800 JavaThread "Unconstrained build operations Thread 65" [_thread_blocked, id=18012, stack(0x00000005a0100000,0x00000005a0200000)]
  0x0000017bfefeb800 JavaThread "Unconstrained build operations Thread 66" [_thread_blocked, id=20656, stack(0x00000005a0200000,0x00000005a0300000)]
  0x0000017bfefe9000 JavaThread "Unconstrained build operations Thread 67" [_thread_blocked, id=14628, stack(0x00000005a0300000,0x00000005a0400000)]
  0x0000017bfefea000 JavaThread "Unconstrained build operations Thread 68" [_thread_blocked, id=22916, stack(0x00000005a0400000,0x00000005a0500000)]
  0x0000017bfefec800 JavaThread "Unconstrained build operations Thread 69" [_thread_blocked, id=28376, stack(0x00000005a0500000,0x00000005a0600000)]
  0x0000017bfefed000 JavaThread "Unconstrained build operations Thread 70" [_thread_blocked, id=17260, stack(0x00000005a0600000,0x00000005a0700000)]
  0x0000017bfefee000 JavaThread "Unconstrained build operations Thread 71" [_thread_blocked, id=25236, stack(0x00000005a0700000,0x00000005a0800000)]
  0x0000017bfefe8800 JavaThread "Unconstrained build operations Thread 72" [_thread_blocked, id=15932, stack(0x00000005a0800000,0x00000005a0900000)]
  0x0000017bfeff4800 JavaThread "Unconstrained build operations Thread 73" [_thread_blocked, id=17620, stack(0x00000005a0900000,0x00000005a0a00000)]
  0x0000017bfefef000 JavaThread "Unconstrained build operations Thread 74" [_thread_blocked, id=10104, stack(0x00000005a0a00000,0x00000005a0b00000)]
  0x0000017bfefef800 JavaThread "Unconstrained build operations Thread 75" [_thread_blocked, id=26528, stack(0x00000005a0b00000,0x00000005a0c00000)]
  0x0000017bfeff1800 JavaThread "Unconstrained build operations Thread 76" [_thread_blocked, id=26696, stack(0x00000005a0c00000,0x00000005a0d00000)]
  0x0000017bfeff2000 JavaThread "Unconstrained build operations Thread 77" [_thread_blocked, id=20092, stack(0x00000005a0d00000,0x00000005a0e00000)]
  0x0000017bfeff5800 JavaThread "Unconstrained build operations Thread 78" [_thread_blocked, id=1724, stack(0x00000005a0e00000,0x00000005a0f00000)]
  0x0000017bfeff3000 JavaThread "Unconstrained build operations Thread 79" [_thread_blocked, id=26048, stack(0x00000005a0f00000,0x00000005a1000000)]
  0x0000017bfeff0800 JavaThread "Unconstrained build operations Thread 80" [_thread_blocked, id=4208, stack(0x00000005a1000000,0x00000005a1100000)]
  0x0000017bfeff3800 JavaThread "jar transforms Thread 6" [_thread_blocked, id=29008, stack(0x00000005a1100000,0x00000005a1200000)]
  0x0000017bfeff6000 JavaThread "jar transforms Thread 7" [_thread_blocked, id=3576, stack(0x00000005a1200000,0x00000005a1300000)]
  0x0000017bfeff7000 JavaThread "jar transforms Thread 8" [_thread_blocked, id=29548, stack(0x00000005a1300000,0x00000005a1400000)]
  0x0000017bfa909000 JavaThread "Cache worker for kotlin-dsl (C:\Users\lenovo\.gradle\caches\7.5\kotlin-dsl)" [_thread_blocked, id=10612, stack(0x00000005a1400000,0x00000005a1500000)]
  0x0000017bfa90a000 JavaThread "Cache worker for Build Output Cleanup Cache (C:\src\flutter\packages\flutter_tools\gradle\.gradle\buildOutputCleanup)" [_thread_blocked, id=1328, stack(0x00000005a1500000,0x00000005a1600000)]
  0x0000017bfa906800 JavaThread "Memory manager" [_thread_blocked, id=29044, stack(0x00000005a1600000,0x00000005a1700000)]
  0x0000017bfa90b000 JavaThread "included builds" [_thread_blocked, id=30432, stack(0x0000000598900000,0x0000000598a00000)]
  0x0000017bfa90c800 JavaThread "Execution worker" [_thread_blocked, id=22208, stack(0x00000005a1700000,0x00000005a1800000)]
  0x0000017bfa90e000 JavaThread "Execution worker Thread 2" [_thread_blocked, id=12476, stack(0x00000005a1800000,0x00000005a1900000)]
  0x0000017bfa90b800 JavaThread "Execution worker Thread 3" [_thread_blocked, id=28044, stack(0x00000005a1900000,0x00000005a1a00000)]
  0x0000017bfa90d000 JavaThread "Execution worker Thread 4" [_thread_blocked, id=25512, stack(0x00000005a1a00000,0x00000005a1b00000)]
  0x0000017bfa908800 JavaThread "Execution worker Thread 5" [_thread_blocked, id=27456, stack(0x00000005a1b00000,0x00000005a1c00000)]
  0x0000017bfa90f800 JavaThread "Execution worker Thread 6" [_thread_blocked, id=21224, stack(0x00000005a1c00000,0x00000005a1d00000)]
  0x0000017bfa914800 JavaThread "Execution worker Thread 7" [_thread_blocked, id=24952, stack(0x00000005a1d00000,0x00000005a1e00000)]
  0x0000017bfa90f000 JavaThread "Cache worker for execution history cache (C:\src\flutter\packages\flutter_tools\gradle\.gradle\7.5\executionHistory)" [_thread_blocked, id=22928, stack(0x00000005a1e00000,0x00000005a1f00000)]

Other Threads:
  0x0000017bf8544000 VMThread "VM Thread" [stack: 0x0000000599200000,0x0000000599300000] [id=22572]
  0x0000017bf90ad000 WatcherThread [stack: 0x0000000599c00000,0x0000000599d00000] [id=29836]
  0x0000017bee41b800 GCTaskThread "GC Thread#0" [stack: 0x0000000598d00000,0x0000000598e00000] [id=30140]
  0x0000017bf9f1c800 GCTaskThread "GC Thread#1" [stack: 0x0000000599d00000,0x0000000599e00000] [id=29420]
  0x0000017bfa5e2000 GCTaskThread "GC Thread#2" [stack: 0x000000059ab00000,0x000000059ac00000] [id=18532]
  0x0000017bfb0d1800 GCTaskThread "GC Thread#3" [stack: 0x000000059ac00000,0x000000059ad00000] [id=25564]
  0x0000017bfb0d2000 GCTaskThread "GC Thread#4" [stack: 0x000000059ad00000,0x000000059ae00000] [id=21876]
  0x0000017bf9766000 GCTaskThread "GC Thread#5" [stack: 0x000000059ae00000,0x000000059af00000] [id=20612]
  0x0000017bfa131800 GCTaskThread "GC Thread#6" [stack: 0x000000059af00000,0x000000059b000000] [id=27912]
  0x0000017bfa132000 GCTaskThread "GC Thread#7" [stack: 0x000000059b000000,0x000000059b100000] [id=26800]
  0x0000017bee442800 ConcurrentGCThread "G1 Main Marker" [stack: 0x0000000598e00000,0x0000000598f00000] [id=25004]
  0x0000017bee443800 ConcurrentGCThread "G1 Conc#0" [stack: 0x0000000598f00000,0x0000000599000000] [id=25296]
  0x0000017bfaa45800 ConcurrentGCThread "G1 Conc#1" [stack: 0x000000059b100000,0x000000059b200000] [id=4944]
  0x0000017bf83c0800 ConcurrentGCThread "G1 Refine#0" [stack: 0x0000000599000000,0x0000000599100000] [id=25772]
  0x0000017bf83c1000 ConcurrentGCThread "G1 Young RemSet Sampling" [stack: 0x0000000599100000,0x0000000599200000] [id=28432]

Threads with active compile tasks:
C2 CompilerThread0  40349 8580       4       groovy.lang.MetaClassImpl$1MOPIter::methodNameAction (325 bytes)

VM state:not at safepoint (normal execution)

VM Mutex/Monitor currently owned by a thread: None

Heap address: 0x00000000a0000000, size: 1536 MB, Compressed Oops mode: 32-bit
Narrow klass base: 0x0000000000000000, Narrow klass shift: 3
Compressed class space size: 1073741824 Address: 0x0000000100000000

Heap:
 garbage-first heap   total 101376K, used 71934K [0x00000000a0000000, 0x0000000100000000)
  region size 1024K, 7 young (7168K), 2 survivors (2048K)
 Metaspace       used 82463K, capacity 84782K, committed 84892K, reserved 1122304K
  class space    used 10858K, capacity 11737K, committed 11776K, reserved 1048576K
Heap Regions: E=young(eden), S=young(survivor), O=old, HS=humongous(starts), HC=humongous(continues), CS=collection set, F=free, A=archive, TAMS=top-at-mark-start (previous, next)
|   0|0x00000000a0000000, 0x00000000a0100000, 0x00000000a0100000|100%| O|  |TAMS 0x00000000a0100000, 0x00000000a0000000| Untracked 
|   1|0x00000000a0100000, 0x00000000a0200000, 0x00000000a0200000|100%| O|  |TAMS 0x00000000a0200000, 0x00000000a0100000| Untracked 
|   2|0x00000000a0200000, 0x00000000a0300000, 0x00000000a0300000|100%| O|  |TAMS 0x00000000a0300000, 0x00000000a0200000| Untracked 
|   3|0x00000000a0300000, 0x00000000a0400000, 0x00000000a0400000|100%|HS|  |TAMS 0x00000000a0400000, 0x00000000a0300000| Complete 
|   4|0x00000000a0400000, 0x00000000a0500000, 0x00000000a0500000|100%|HC|  |TAMS 0x00000000a0500000, 0x00000000a0400000| Complete 
|   5|0x00000000a0500000, 0x00000000a0600000, 0x00000000a0600000|100%|HC|  |TAMS 0x00000000a0600000, 0x00000000a0500000| Complete 
|   6|0x00000000a0600000, 0x00000000a0700000, 0x00000000a0700000|100%| O|  |TAMS 0x00000000a0700000, 0x00000000a0600000| Untracked 
|   7|0x00000000a0700000, 0x00000000a0800000, 0x00000000a0800000|100%| O|  |TAMS 0x00000000a0800000, 0x00000000a0700000| Untracked 
|   8|0x00000000a0800000, 0x00000000a0900000, 0x00000000a0900000|100%| O|  |TAMS 0x00000000a0900000, 0x00000000a0800000| Untracked 
|   9|0x00000000a0900000, 0x00000000a0a00000, 0x00000000a0a00000|100%| O|  |TAMS 0x00000000a0a00000, 0x00000000a0900000| Untracked 
|  10|0x00000000a0a00000, 0x00000000a0b00000, 0x00000000a0b00000|100%| O|  |TAMS 0x00000000a0b00000, 0x00000000a0a00000| Untracked 
|  11|0x00000000a0b00000, 0x00000000a0c00000, 0x00000000a0c00000|100%| O|  |TAMS 0x00000000a0c00000, 0x00000000a0b00000| Untracked 
|  12|0x00000000a0c00000, 0x00000000a0d00000, 0x00000000a0d00000|100%| O|  |TAMS 0x00000000a0d00000, 0x00000000a0c00000| Untracked 
|  13|0x00000000a0d00000, 0x00000000a0e00000, 0x00000000a0e00000|100%| O|  |TAMS 0x00000000a0e00000, 0x00000000a0d00000| Untracked 
|  14|0x00000000a0e00000, 0x00000000a0f00000, 0x00000000a0f00000|100%| O|  |TAMS 0x00000000a0f00000, 0x00000000a0e00000| Untracked 
|  15|0x00000000a0f00000, 0x00000000a1000000, 0x00000000a1000000|100%| O|  |TAMS 0x00000000a1000000, 0x00000000a0f00000| Untracked 
|  16|0x00000000a1000000, 0x00000000a1100000, 0x00000000a1100000|100%| O|  |TAMS 0x00000000a1100000, 0x00000000a1000000| Untracked 
|  17|0x00000000a1100000, 0x00000000a1200000, 0x00000000a1200000|100%| O|  |TAMS 0x00000000a1200000, 0x00000000a1100000| Untracked 
|  18|0x00000000a1200000, 0x00000000a1300000, 0x00000000a1300000|100%| O|  |TAMS 0x00000000a1300000, 0x00000000a1200000| Untracked 
|  19|0x00000000a1300000, 0x00000000a1400000, 0x00000000a1400000|100%| O|  |TAMS 0x00000000a1400000, 0x00000000a1300000| Untracked 
|  20|0x00000000a1400000, 0x00000000a1500000, 0x00000000a1500000|100%| O|  |TAMS 0x00000000a1500000, 0x00000000a1400000| Untracked 
|  21|0x00000000a1500000, 0x00000000a1600000, 0x00000000a1600000|100%| O|  |TAMS 0x00000000a1600000, 0x00000000a1500000| Untracked 
|  22|0x00000000a1600000, 0x00000000a1700000, 0x00000000a1700000|100%| O|  |TAMS 0x00000000a1700000, 0x00000000a1600000| Untracked 
|  23|0x00000000a1700000, 0x00000000a1800000, 0x00000000a1800000|100%| O|  |TAMS 0x00000000a1800000, 0x00000000a1700000| Untracked 
|  24|0x00000000a1800000, 0x00000000a1900000, 0x00000000a1900000|100%| O|  |TAMS 0x00000000a1900000, 0x00000000a1800000| Untracked 
|  25|0x00000000a1900000, 0x00000000a1a00000, 0x00000000a1a00000|100%| O|  |TAMS 0x00000000a1a00000, 0x00000000a1900000| Untracked 
|  26|0x00000000a1a00000, 0x00000000a1b00000, 0x00000000a1b00000|100%| O|  |TAMS 0x00000000a1b00000, 0x00000000a1a00000| Untracked 
|  27|0x00000000a1b00000, 0x00000000a1c00000, 0x00000000a1c00000|100%| O|  |TAMS 0x00000000a1c00000, 0x00000000a1b00000| Untracked 
|  28|0x00000000a1c00000, 0x00000000a1d00000, 0x00000000a1d00000|100%| O|  |TAMS 0x00000000a1d00000, 0x00000000a1c00000| Untracked 
|  29|0x00000000a1d00000, 0x00000000a1e00000, 0x00000000a1e00000|100%| O|  |TAMS 0x00000000a1e00000, 0x00000000a1d00000| Untracked 
|  30|0x00000000a1e00000, 0x00000000a1f00000, 0x00000000a1f00000|100%| O|  |TAMS 0x00000000a1f00000, 0x00000000a1e00000| Untracked 
|  31|0x00000000a1f00000, 0x00000000a2000000, 0x00000000a2000000|100%| O|  |TAMS 0x00000000a2000000, 0x00000000a1f00000| Untracked 
|  32|0x00000000a2000000, 0x00000000a2100000, 0x00000000a2100000|100%| O|  |TAMS 0x00000000a2100000, 0x00000000a2000000| Untracked 
|  33|0x00000000a2100000, 0x00000000a2200000, 0x00000000a2200000|100%|HS|  |TAMS 0x00000000a2200000, 0x00000000a2100000| Complete 
|  34|0x00000000a2200000, 0x00000000a2300000, 0x00000000a2300000|100%|HS|  |TAMS 0x00000000a2300000, 0x00000000a2200000| Complete 
|  35|0x00000000a2300000, 0x00000000a2400000, 0x00000000a2400000|100%|HS|  |TAMS 0x00000000a2400000, 0x00000000a2300000| Complete 
|  36|0x00000000a2400000, 0x00000000a2500000, 0x00000000a2500000|100%|HS|  |TAMS 0x00000000a2500000, 0x00000000a2400000| Complete 
|  37|0x00000000a2500000, 0x00000000a2600000, 0x00000000a2600000|100%|HC|  |TAMS 0x00000000a2600000, 0x00000000a2500000| Complete 
|  38|0x00000000a2600000, 0x00000000a2700000, 0x00000000a2700000|100%|HC|  |TAMS 0x00000000a2700000, 0x00000000a2600000| Complete 
|  39|0x00000000a2700000, 0x00000000a2800000, 0x00000000a2800000|100%| O|  |TAMS 0x00000000a2800000, 0x00000000a2700000| Untracked 
|  40|0x00000000a2800000, 0x00000000a2900000, 0x00000000a2900000|100%|HS|  |TAMS 0x00000000a2900000, 0x00000000a2800000| Complete 
|  41|0x00000000a2900000, 0x00000000a2a00000, 0x00000000a2a00000|100%|HC|  |TAMS 0x00000000a2a00000, 0x00000000a2900000| Complete 
|  42|0x00000000a2a00000, 0x00000000a2b00000, 0x00000000a2b00000|100%| O|  |TAMS 0x00000000a2b00000, 0x00000000a2a00000| Untracked 
|  43|0x00000000a2b00000, 0x00000000a2c00000, 0x00000000a2c00000|100%| O|  |TAMS 0x00000000a2c00000, 0x00000000a2b00000| Untracked 
|  44|0x00000000a2c00000, 0x00000000a2d00000, 0x00000000a2d00000|100%| O|  |TAMS 0x00000000a2d00000, 0x00000000a2c00000| Untracked 
|  45|0x00000000a2d00000, 0x00000000a2e00000, 0x00000000a2e00000|100%| O|  |TAMS 0x00000000a2e00000, 0x00000000a2d00000| Untracked 
|  46|0x00000000a2e00000, 0x00000000a2f00000, 0x00000000a2f00000|100%| O|  |TAMS 0x00000000a2f00000, 0x00000000a2e00000| Untracked 
|  47|0x00000000a2f00000, 0x00000000a3000000, 0x00000000a3000000|100%| O|  |TAMS 0x00000000a3000000, 0x00000000a2f00000| Untracked 
|  48|0x00000000a3000000, 0x00000000a3100000, 0x00000000a3100000|100%| O|  |TAMS 0x00000000a3100000, 0x00000000a3000000| Untracked 
|  49|0x00000000a3100000, 0x00000000a3200000, 0x00000000a3200000|100%| O|  |TAMS 0x00000000a3200000, 0x00000000a3100000| Untracked 
|  50|0x00000000a3200000, 0x00000000a3300000, 0x00000000a3300000|100%| O|  |TAMS 0x00000000a3300000, 0x00000000a3200000| Untracked 
|  51|0x00000000a3300000, 0x00000000a3400000, 0x00000000a3400000|100%| O|  |TAMS 0x00000000a3400000, 0x00000000a3300000| Untracked 
|  52|0x00000000a3400000, 0x00000000a3500000, 0x00000000a3500000|100%| O|  |TAMS 0x00000000a3500000, 0x00000000a3400000| Untracked 
|  53|0x00000000a3500000, 0x00000000a3600000, 0x00000000a3600000|100%| O|  |TAMS 0x00000000a3600000, 0x00000000a3500000| Untracked 
|  54|0x00000000a3600000, 0x00000000a3700000, 0x00000000a3700000|100%| O|  |TAMS 0x00000000a3700000, 0x00000000a3600000| Untracked 
|  55|0x00000000a3700000, 0x00000000a3800000, 0x00000000a3800000|100%| O|  |TAMS 0x00000000a3800000, 0x00000000a3700000| Untracked 
|  56|0x00000000a3800000, 0x00000000a38b2a00, 0x00000000a3900000| 69%| O|  |TAMS 0x00000000a38b2a00, 0x00000000a3800000| Untracked 
|  57|0x00000000a3900000, 0x00000000a3900000, 0x00000000a3a00000|  0%| F|  |TAMS 0x00000000a3900000, 0x00000000a3900000| Untracked 
|  58|0x00000000a3a00000, 0x00000000a3a00000, 0x00000000a3b00000|  0%| F|  |TAMS 0x00000000a3a00000, 0x00000000a3a00000| Untracked 
|  59|0x00000000a3b00000, 0x00000000a3b00000, 0x00000000a3c00000|  0%| F|  |TAMS 0x00000000a3b00000, 0x00000000a3b00000| Untracked 
|  60|0x00000000a3c00000, 0x00000000a3c00000, 0x00000000a3d00000|  0%| F|  |TAMS 0x00000000a3c00000, 0x00000000a3c00000| Untracked 
|  61|0x00000000a3d00000, 0x00000000a3e00000, 0x00000000a3e00000|100%| O|  |TAMS 0x00000000a3e00000, 0x00000000a3d00000| Untracked 
|  62|0x00000000a3e00000, 0x00000000a3f00000, 0x00000000a3f00000|100%| O|  |TAMS 0x00000000a3f00000, 0x00000000a3e00000| Untracked 
|  63|0x00000000a3f00000, 0x00000000a4000000, 0x00000000a4000000|100%| O|  |TAMS 0x00000000a4000000, 0x00000000a3f00000| Untracked 
|  64|0x00000000a4000000, 0x00000000a4100000, 0x00000000a4100000|100%| O|  |TAMS 0x00000000a4100000, 0x00000000a4000000| Untracked 
|  65|0x00000000a4100000, 0x00000000a4200000, 0x00000000a4200000|100%| O|  |TAMS 0x00000000a4200000, 0x00000000a4100000| Untracked 
|  66|0x00000000a4200000, 0x00000000a4200000, 0x00000000a4300000|  0%| F|  |TAMS 0x00000000a4200000, 0x00000000a4200000| Untracked 
|  67|0x00000000a4300000, 0x00000000a4300000, 0x00000000a4400000|  0%| F|  |TAMS 0x00000000a4300000, 0x00000000a4300000| Untracked 
|  68|0x00000000a4400000, 0x00000000a4400000, 0x00000000a4500000|  0%| F|  |TAMS 0x00000000a4400000, 0x00000000a4400000| Untracked 
|  69|0x00000000a4500000, 0x00000000a4500000, 0x00000000a4600000|  0%| F|  |TAMS 0x00000000a4500000, 0x00000000a4500000| Untracked 
|  70|0x00000000a4600000, 0x00000000a4600000, 0x00000000a4700000|  0%| F|  |TAMS 0x00000000a4600000, 0x00000000a4600000| Untracked 
|  71|0x00000000a4700000, 0x00000000a4700000, 0x00000000a4800000|  0%| F|  |TAMS 0x00000000a4700000, 0x00000000a4700000| Untracked 
|  72|0x00000000a4800000, 0x00000000a4800000, 0x00000000a4900000|  0%| F|  |TAMS 0x00000000a4800000, 0x00000000a4800000| Untracked 
|  73|0x00000000a4900000, 0x00000000a4900000, 0x00000000a4a00000|  0%| F|  |TAMS 0x00000000a4900000, 0x00000000a4900000| Untracked 
|  74|0x00000000a4a00000, 0x00000000a4a00000, 0x00000000a4b00000|  0%| F|  |TAMS 0x00000000a4a00000, 0x00000000a4a00000| Untracked 
|  75|0x00000000a4b00000, 0x00000000a4b00000, 0x00000000a4c00000|  0%| F|  |TAMS 0x00000000a4b00000, 0x00000000a4b00000| Untracked 
|  76|0x00000000a4c00000, 0x00000000a4c8d0c8, 0x00000000a4d00000| 55%| S|CS|TAMS 0x00000000a4c00000, 0x00000000a4c00000| Complete 
|  77|0x00000000a4d00000, 0x00000000a4e00000, 0x00000000a4e00000|100%| S|CS|TAMS 0x00000000a4d00000, 0x00000000a4d00000| Complete 
|  78|0x00000000a4e00000, 0x00000000a4e00000, 0x00000000a4f00000|  0%| F|  |TAMS 0x00000000a4e00000, 0x00000000a4e00000| Untracked 
|  79|0x00000000a4f00000, 0x00000000a4f00000, 0x00000000a5000000|  0%| F|  |TAMS 0x00000000a4f00000, 0x00000000a4f00000| Untracked 
|  80|0x00000000a5000000, 0x00000000a5000000, 0x00000000a5100000|  0%| F|  |TAMS 0x00000000a5000000, 0x00000000a5000000| Untracked 
|  81|0x00000000a5100000, 0x00000000a5100000, 0x00000000a5200000|  0%| F|  |TAMS 0x00000000a5100000, 0x00000000a5100000| Untracked 
|  82|0x00000000a5200000, 0x00000000a5200000, 0x00000000a5300000|  0%| F|  |TAMS 0x00000000a5200000, 0x00000000a5200000| Untracked 
|  83|0x00000000a5300000, 0x00000000a5300000, 0x00000000a5400000|  0%| F|  |TAMS 0x00000000a5300000, 0x00000000a5300000| Untracked 
|  84|0x00000000a5400000, 0x00000000a5400000, 0x00000000a5500000|  0%| F|  |TAMS 0x00000000a5400000, 0x00000000a5400000| Untracked 
|  85|0x00000000a5500000, 0x00000000a5500000, 0x00000000a5600000|  0%| F|  |TAMS 0x00000000a5500000, 0x00000000a5500000| Untracked 
|  86|0x00000000a5600000, 0x00000000a5600000, 0x00000000a5700000|  0%| F|  |TAMS 0x00000000a5600000, 0x00000000a5600000| Untracked 
|  87|0x00000000a5700000, 0x00000000a5700000, 0x00000000a5800000|  0%| F|  |TAMS 0x00000000a5700000, 0x00000000a5700000| Untracked 
|  88|0x00000000a5800000, 0x00000000a5800000, 0x00000000a5900000|  0%| F|  |TAMS 0x00000000a5800000, 0x00000000a5800000| Untracked 
|  89|0x00000000a5900000, 0x00000000a5900000, 0x00000000a5a00000|  0%| F|  |TAMS 0x00000000a5900000, 0x00000000a5900000| Untracked 
|  90|0x00000000a5a00000, 0x00000000a5a00000, 0x00000000a5b00000|  0%| F|  |TAMS 0x00000000a5a00000, 0x00000000a5a00000| Untracked 
|  91|0x00000000a5b00000, 0x00000000a5bf4318, 0x00000000a5c00000| 95%| E|  |TAMS 0x00000000a5b00000, 0x00000000a5b00000| Complete 
|  92|0x00000000a5c00000, 0x00000000a5d00000, 0x00000000a5d00000|100%| E|CS|TAMS 0x00000000a5c00000, 0x00000000a5c00000| Complete 
|  93|0x00000000a5d00000, 0x00000000a5e00000, 0x00000000a5e00000|100%| E|CS|TAMS 0x00000000a5d00000, 0x00000000a5d00000| Complete 
|  94|0x00000000a5e00000, 0x00000000a5f00000, 0x00000000a5f00000|100%| E|CS|TAMS 0x00000000a5e00000, 0x00000000a5e00000| Complete 
|  95|0x00000000a5f00000, 0x00000000a6000000, 0x00000000a6000000|100%| E|CS|TAMS 0x00000000a5f00000, 0x00000000a5f00000| Complete 
|  96|0x00000000a6000000, 0x00000000a6100000, 0x00000000a6100000|100%| O|  |TAMS 0x00000000a6100000, 0x00000000a6000000| Untracked 
|  97|0x00000000a6100000, 0x00000000a6200000, 0x00000000a6200000|100%| O|  |TAMS 0x00000000a6200000, 0x00000000a6100000| Untracked 
|  98|0x00000000a6200000, 0x00000000a6300000, 0x00000000a6300000|100%| O|  |TAMS 0x00000000a6300000, 0x00000000a6200000| Untracked 

Card table byte_map: [0x0000017bf2530000,0x0000017bf2830000] _byte_map_base: 0x0000017bf2030000

Marking Bits (Prev, Next): (CMBitMap*) 0x0000017bee43b7e0, (CMBitMap*) 0x0000017bee43b7a8
 Prev Bits: [0x0000017bf4330000, 0x0000017bf5b30000)
 Next Bits: [0x0000017bf2b30000, 0x0000017bf4330000)

Polling page: 0x0000017bec3b0000

Metaspace:

Usage:
  Non-class:     71.33 MB capacity,    69.93 MB ( 98%) used,     1.16 MB (  2%) free+waste,   250.94 KB ( <1%) overhead. 
      Class:     11.46 MB capacity,    10.60 MB ( 93%) used,   760.03 KB (  6%) free+waste,   118.69 KB (  1%) overhead. 
       Both:     82.79 MB capacity,    80.53 MB ( 97%) used,     1.90 MB (  2%) free+waste,   369.63 KB ( <1%) overhead. 

Virtual space:
  Non-class space:       72.00 MB reserved,      71.40 MB (>99%) committed 
      Class space:        1.00 GB reserved,      11.50 MB (  1%) committed 
             Both:        1.07 GB reserved,      82.90 MB (  8%) committed 

Chunk freelists:
   Non-Class:  7.00 KB
       Class:  7.00 KB
        Both:  14.00 KB

MaxMetaspaceSize: 17179869184.00 GB
CompressedClassSpaceSize: 1.00 GB
Initial GC threshold: 20.80 MB
Current GC threshold: 135.25 MB
CDS: off

CodeHeap 'non-profiled nmethods': size=120000Kb used=4382Kb max_used=4382Kb free=115617Kb
 bounds [0x0000017b87ad0000, 0x0000017b87f20000, 0x0000017b8f000000]
CodeHeap 'profiled nmethods': size=120000Kb used=18148Kb max_used=18148Kb free=101851Kb
 bounds [0x0000017b805a0000, 0x0000017b81760000, 0x0000017b87ad0000]
CodeHeap 'non-nmethods': size=5760Kb used=2383Kb max_used=2428Kb free=3376Kb
 bounds [0x0000017b80000000, 0x0000017b80270000, 0x0000017b805a0000]
 total_blobs=9337 nmethods=8435 adapters=813
 compilation: enabled
              stopped_count=0, restarted_count=0
 full_count=0

Compilation events (20 events):
Event: 40.106 Thread 0x0000017bf8599000 8595       3       java.util.Collections$SynchronizedCollection::iterator (10 bytes)
Event: 40.106 Thread 0x0000017bf8599000 nmethod 8595 0x0000017b8174f590 code [0x0000017b8174f740, 0x0000017b8174f908]
Event: 40.112 Thread 0x0000017bf8599000 8596   !   3       org.codehaus.groovy.reflection.stdclasses.CachedSAMClass::getSAMMethodImpl (151 bytes)
Event: 40.115 Thread 0x0000017bf8599000 nmethod 8596 0x0000017b8174fa10 code [0x0000017b8174fdc0, 0x0000017b81751668]
Event: 40.116 Thread 0x0000017bf8599000 8597       3       java.lang.Class::searchFields (43 bytes)
Event: 40.117 Thread 0x0000017bf8599000 nmethod 8597 0x0000017b81751f10 code [0x0000017b817520e0, 0x0000017b81752368]
Event: 40.121 Thread 0x0000017bf8599000 8598       1       org.gradle.internal.metaobject.BeanDynamicObject::access$500 (5 bytes)
Event: 40.122 Thread 0x0000017bf8599000 nmethod 8598 0x0000017b87f17790 code [0x0000017b87f17940, 0x0000017b87f179d8]
Event: 40.135 Thread 0x0000017bf8599000 8599       3       com.google.common.collect.Ordering::from (23 bytes)
Event: 40.136 Thread 0x0000017bf8599000 nmethod 8599 0x0000017b81752510 code [0x0000017b81752720, 0x0000017b81752e48]
Event: 40.136 Thread 0x0000017bf8599000 8601       3       com.google.common.collect.Ordering::<init> (5 bytes)
Event: 40.136 Thread 0x0000017bf8599000 nmethod 8601 0x0000017b81753010 code [0x0000017b817531c0, 0x0000017b81753318]
Event: 40.136 Thread 0x0000017bf8599000 8600       3       com.google.common.collect.ComparatorOrdering::<init> (16 bytes)
Event: 40.136 Thread 0x0000017bf8599000 nmethod 8600 0x0000017b81753410 code [0x0000017b81753600, 0x0000017b81753a68]
Event: 40.232 Thread 0x0000017bf8599000 8602       3       java.lang.reflect.ProxyGenerator$PrimitiveTypeInfo::get (13 bytes)
Event: 40.232 Thread 0x0000017bf8599000 nmethod 8602 0x0000017b81753c10 code [0x0000017b81753de0, 0x0000017b81754088]
Event: 40.281 Thread 0x0000017bf8599000 8603       3       org.gradle.api.internal.file.AbstractOpaqueFileCollection::<init> (6 bytes)
Event: 40.281 Thread 0x0000017bf8599000 nmethod 8603 0x0000017b81754190 code [0x0000017b81754340, 0x0000017b81754558]
Event: 40.281 Thread 0x0000017bf8599000 8604       3       org.gradle.util.Path::<init> (15 bytes)
Event: 40.282 Thread 0x0000017bf8599000 nmethod 8604 0x0000017b81754690 code [0x0000017b81754840, 0x0000017b817549f8]

GC Heap History (20 events):
Event: 33.310 GC heap before
{Heap before GC invocations=24 (full 0):
 garbage-first heap   total 101376K, used 85150K [0x00000000a0000000, 0x0000000100000000)
  region size 1024K, 30 young (30720K), 4 survivors (4096K)
 Metaspace       used 70213K, capacity 72495K, committed 72604K, reserved 1112064K
  class space    used 9361K, capacity 10226K, committed 10240K, reserved 1048576K
}
Event: 33.316 GC heap after
{Heap after GC invocations=25 (full 0):
 garbage-first heap   total 101376K, used 59660K [0x00000000a0000000, 0x0000000100000000)
  region size 1024K, 3 young (3072K), 3 survivors (3072K)
 Metaspace       used 70213K, capacity 72495K, committed 72604K, reserved 1112064K
  class space    used 9361K, capacity 10226K, committed 10240K, reserved 1048576K
}
Event: 34.982 GC heap before
{Heap before GC invocations=26 (full 0):
 garbage-first heap   total 101376K, used 86284K [0x00000000a0000000, 0x0000000100000000)
  region size 1024K, 29 young (29696K), 3 survivors (3072K)
 Metaspace       used 72953K, capacity 75259K, committed 75548K, reserved 1114112K
  class space    used 9723K, capacity 10587K, committed 10624K, reserved 1048576K
}
Event: 34.987 GC heap after
{Heap after GC invocations=27 (full 0):
 garbage-first heap   total 101376K, used 60674K [0x00000000a0000000, 0x0000000100000000)
  region size 1024K, 3 young (3072K), 3 survivors (3072K)
 Metaspace       used 72953K, capacity 75259K, committed 75548K, reserved 1114112K
  class space    used 9723K, capacity 10587K, committed 10624K, reserved 1048576K
}
Event: 36.130 GC heap before
{Heap before GC invocations=27 (full 0):
 garbage-first heap   total 101376K, used 85250K [0x00000000a0000000, 0x0000000100000000)
  region size 1024K, 28 young (28672K), 3 survivors (3072K)
 Metaspace       used 77020K, capacity 79403K, committed 79644K, reserved 1118208K
  class space    used 10143K, capacity 11024K, committed 11136K, reserved 1048576K
}
Event: 36.137 GC heap after
{Heap after GC invocations=28 (full 0):
 garbage-first heap   total 101376K, used 62505K [0x00000000a0000000, 0x0000000100000000)
  region size 1024K, 4 young (4096K), 4 survivors (4096K)
 Metaspace       used 77020K, capacity 79403K, committed 79644K, reserved 1118208K
  class space    used 10143K, capacity 11024K, committed 11136K, reserved 1048576K
}
Event: 36.267 GC heap before
{Heap before GC invocations=29 (full 0):
 garbage-first heap   total 101376K, used 63529K [0x00000000a0000000, 0x0000000100000000)
  region size 1024K, 6 young (6144K), 4 survivors (4096K)
 Metaspace       used 77041K, capacity 79400K, committed 79644K, reserved 1118208K
  class space    used 10147K, capacity 11023K, committed 11136K, reserved 1048576K
}
Event: 36.275 GC heap after
{Heap after GC invocations=30 (full 0):
 garbage-first heap   total 101376K, used 62663K [0x00000000a0000000, 0x0000000100000000)
  region size 1024K, 3 young (3072K), 3 survivors (3072K)
 Metaspace       used 77041K, capacity 79400K, committed 79644K, reserved 1118208K
  class space    used 10147K, capacity 11023K, committed 11136K, reserved 1048576K
}
Event: 36.542 GC heap before
{Heap before GC invocations=31 (full 0):
 garbage-first heap   total 101376K, used 80071K [0x00000000a0000000, 0x0000000100000000)
  region size 1024K, 17 young (17408K), 3 survivors (3072K)
 Metaspace       used 77050K, capacity 79406K, committed 79644K, reserved 1118208K
  class space    used 10147K, capacity 11024K, committed 11136K, reserved 1048576K
}
Event: 36.549 GC heap after
{Heap after GC invocations=32 (full 0):
 garbage-first heap   total 101376K, used 69164K [0x00000000a0000000, 0x0000000100000000)
  region size 1024K, 3 young (3072K), 3 survivors (3072K)
 Metaspace       used 77050K, capacity 79406K, committed 79644K, reserved 1118208K
  class space    used 10147K, capacity 11024K, committed 11136K, reserved 1048576K
}
Event: 37.193 GC heap before
{Heap before GC invocations=33 (full 0):
 garbage-first heap   total 101376K, used 83500K [0x00000000a0000000, 0x0000000100000000)
  region size 1024K, 16 young (16384K), 3 survivors (3072K)
 Metaspace       used 78079K, capacity 80454K, committed 80796K, reserved 1118208K
  class space    used 10289K, capacity 11156K, committed 11264K, reserved 1048576K
}
Event: 37.196 GC heap after
{Heap after GC invocations=34 (full 0):
 garbage-first heap   total 101376K, used 66652K [0x00000000a0000000, 0x0000000100000000)
  region size 1024K, 1 young (1024K), 1 survivors (1024K)
 Metaspace       used 78079K, capacity 80454K, committed 80796K, reserved 1118208K
  class space    used 10289K, capacity 11156K, committed 11264K, reserved 1048576K
}
Event: 37.967 GC heap before
{Heap before GC invocations=34 (full 0):
 garbage-first heap   total 101376K, used 82012K [0x00000000a0000000, 0x0000000100000000)
  region size 1024K, 16 young (16384K), 1 survivors (1024K)
 Metaspace       used 79206K, capacity 81556K, committed 81692K, reserved 1120256K
  class space    used 10430K, capacity 11288K, committed 11392K, reserved 1048576K
}
Event: 37.972 GC heap after
{Heap after GC invocations=35 (full 0):
 garbage-first heap   total 101376K, used 67438K [0x00000000a0000000, 0x0000000100000000)
  region size 1024K, 2 young (2048K), 2 survivors (2048K)
 Metaspace       used 79206K, capacity 81556K, committed 81692K, reserved 1120256K
  class space    used 10430K, capacity 11288K, committed 11392K, reserved 1048576K
}
Event: 39.230 GC heap before
{Heap before GC invocations=36 (full 0):
 garbage-first heap   total 101376K, used 81774K [0x00000000a0000000, 0x0000000100000000)
  region size 1024K, 17 young (17408K), 2 survivors (2048K)
 Metaspace       used 80322K, capacity 82654K, committed 82844K, reserved 1120256K
  class space    used 10582K, capacity 11418K, committed 11520K, reserved 1048576K
}
Event: 39.234 GC heap after
{Heap after GC invocations=37 (full 0):
 garbage-first heap   total 101376K, used 67046K [0x00000000a0000000, 0x0000000100000000)
  region size 1024K, 3 young (3072K), 3 survivors (3072K)
 Metaspace       used 80322K, capacity 82654K, committed 82844K, reserved 1120256K
  class space    used 10582K, capacity 11418K, committed 11520K, reserved 1048576K
}
Event: 39.401 GC heap before
{Heap before GC invocations=37 (full 0):
 garbage-first heap   total 101376K, used 70118K [0x00000000a0000000, 0x0000000100000000)
  region size 1024K, 8 young (8192K), 3 survivors (3072K)
 Metaspace       used 80630K, capacity 82949K, committed 83100K, reserved 1120256K
  class space    used 10618K, capacity 11451K, committed 11520K, reserved 1048576K
}
Event: 39.405 GC heap after
{Heap after GC invocations=38 (full 0):
 garbage-first heap   total 101376K, used 67622K [0x00000000a0000000, 0x0000000100000000)
  region size 1024K, 2 young (2048K), 2 survivors (2048K)
 Metaspace       used 80630K, capacity 82949K, committed 83100K, reserved 1120256K
  class space    used 10618K, capacity 11451K, committed 11520K, reserved 1048576K
}
Event: 40.069 GC heap before
{Heap before GC invocations=39 (full 0):
 garbage-first heap   total 101376K, used 85030K [0x00000000a0000000, 0x0000000100000000)
  region size 1024K, 18 young (18432K), 2 survivors (2048K)
 Metaspace       used 82017K, capacity 84319K, committed 84636K, reserved 1122304K
  class space    used 10794K, capacity 11669K, committed 11776K, reserved 1048576K
}
Event: 40.073 GC heap after
{Heap after GC invocations=40 (full 0):
 garbage-first heap   total 101376K, used 67838K [0x00000000a0000000, 0x0000000100000000)
  region size 1024K, 2 young (2048K), 2 survivors (2048K)
 Metaspace       used 82017K, capacity 84319K, committed 84636K, reserved 1122304K
  class space    used 10794K, capacity 11669K, committed 11776K, reserved 1048576K
}

Deoptimization events (20 events):
Event: 40.006 Thread 0x0000017bfa277800 Uncommon trap: trap_request=0xffffffc6 fr.pc=0x0000017b87eb7bac relative=0x0000000000000e8c
Event: 40.006 Thread 0x0000017bfa277800 Uncommon trap: reason=bimorphic_or_optimized_type_check action=maybe_recompile pc=0x0000017b87eb7bac method=java.util.Hashtable.put(Ljava/lang/Object;Ljava/lang/Object;)Ljava/lang/Object; @ 18 c2
Event: 40.006 Thread 0x0000017bfa277800 DEOPT PACKING pc=0x0000017b87eb7bac sp=0x000000059a4f2a90
Event: 40.006 Thread 0x0000017bfa277800 DEOPT UNPACKING pc=0x0000017b8004a1af sp=0x000000059a4f2a68 mode 2
Event: 40.006 Thread 0x0000017bfa277800 Uncommon trap: trap_request=0xffffffc6 fr.pc=0x0000017b87eb7bac relative=0x0000000000000e8c
Event: 40.006 Thread 0x0000017bfa277800 Uncommon trap: reason=bimorphic_or_optimized_type_check action=maybe_recompile pc=0x0000017b87eb7bac method=java.util.Hashtable.put(Ljava/lang/Object;Ljava/lang/Object;)Ljava/lang/Object; @ 18 c2
Event: 40.006 Thread 0x0000017bfa277800 DEOPT PACKING pc=0x0000017b87eb7bac sp=0x000000059a4f2a90
Event: 40.006 Thread 0x0000017bfa277800 DEOPT UNPACKING pc=0x0000017b8004a1af sp=0x000000059a4f2a68 mode 2
Event: 40.029 Thread 0x0000017bfa277800 DEOPT PACKING pc=0x0000017b80bba591 sp=0x000000059a4f2a80
Event: 40.029 Thread 0x0000017bfa277800 DEOPT UNPACKING pc=0x0000017b8004a95e sp=0x000000059a4f1f58 mode 0
Event: 40.029 Thread 0x0000017bfa277800 DEOPT PACKING pc=0x0000017b80860d96 sp=0x000000059a4f2a50
Event: 40.029 Thread 0x0000017bfa277800 DEOPT UNPACKING pc=0x0000017b8004a95e sp=0x000000059a4f1f68 mode 0
Event: 40.030 Thread 0x0000017bfa277800 DEOPT PACKING pc=0x0000017b80bba591 sp=0x000000059a4f2a80
Event: 40.030 Thread 0x0000017bfa277800 DEOPT UNPACKING pc=0x0000017b8004a95e sp=0x000000059a4f1f58 mode 0
Event: 40.034 Thread 0x0000017bfa277800 DEOPT PACKING pc=0x0000017b80860d96 sp=0x000000059a4f2a50
Event: 40.034 Thread 0x0000017bfa277800 DEOPT UNPACKING pc=0x0000017b8004a95e sp=0x000000059a4f1f68 mode 0
Event: 40.036 Thread 0x0000017bfa277800 Uncommon trap: trap_request=0xffffff4d fr.pc=0x0000017b87b87fe4 relative=0x0000000000000624
Event: 40.036 Thread 0x0000017bfa277800 Uncommon trap: reason=unstable_if action=reinterpret pc=0x0000017b87b87fe4 method=java.lang.String.replace(CC)Ljava/lang/String; @ 2 c2
Event: 40.036 Thread 0x0000017bfa277800 DEOPT PACKING pc=0x0000017b87b87fe4 sp=0x000000059a4f2b80
Event: 40.036 Thread 0x0000017bfa277800 DEOPT UNPACKING pc=0x0000017b8004a1af sp=0x000000059a4f2b30 mode 2

Classes redefined (0 events):
No events

Internal exceptions (20 events):
Event: 32.121 Thread 0x0000017bfa277800 Implicit null exception at 0x0000017b87d1f8eb to 0x0000017b87d1f90c
Event: 32.221 Thread 0x0000017bfa90c800 Exception <a 'java/lang/NoSuchMethodError'{0x00000000a5f3a530}: 'java.lang.Object java.lang.invoke.Invokers$Holder.linkToTargetMethod(java.lang.Object, java.lang.Object, java.lang.Object, int, java.lang.Object, java.lang.Object)'> (0x00000000a5f3a530) thrown at [./src/hotspot/share/interpreter/linkResolver.cpp, line 773]
Event: 32.320 Thread 0x0000017bfa90c800 Implicit null exception at 0x0000017b87d3e7f7 to 0x0000017b87d3e994
Event: 32.343 Thread 0x0000017bfa90c800 Exception <a 'java/lang/NoSuchMethodError'{0x00000000a5c32fe8}: 'void java.lang.invoke.DirectMethodHandle$Holder.invokeInterface(java.lang.Object, java.lang.Object, java.lang.Object, java.lang.Object)'> (0x00000000a5c32fe8) thrown at [./src/hotspot/share/interpreter/linkResolver.cpp, line 773]
Event: 32.365 Thread 0x0000017bfa90c800 Exception <a 'java/lang/NoSuchMethodError'{0x00000000a5ccc870}: 'int java.lang.invoke.DirectMethodHandle$Holder.invokeSpecial(java.lang.Object, java.lang.Object, java.lang.Object, java.lang.Object, java.lang.Object)'> (0x00000000a5ccc870) thrown at [./src/hotspot/share/interpreter/linkResolver.cpp, line 773]
Event: 35.861 Thread 0x0000017bfa277800 Implicit null exception at 0x0000017b87c1040b to 0x0000017b87c104e4
Event: 35.997 Thread 0x0000017bfa277800 Implicit null exception at 0x0000017b87c40bac to 0x0000017b87c40d5a
Event: 36.734 Thread 0x0000017bfa277800 Exception <a 'sun/nio/fs/WindowsException'{0x00000000a5b50c70}> (0x00000000a5b50c70) thrown at [./src/hotspot/share/prims/jni.cpp, line 615]
Event: 39.295 Thread 0x0000017bfa277800 Implicit null exception at 0x0000017b87e81566 to 0x0000017b87e81630
Event: 39.967 Thread 0x0000017bfa277800 Exception <a 'java/lang/IncompatibleClassChangeError'{0x00000000a52de4f8}: Found class java.lang.Object, but interface was expected> (0x00000000a52de4f8) thrown at [./src/hotspot/share/interpreter/linkResolver.cpp, line 839]
Event: 40.050 Thread 0x0000017bfa277800 Exception <a 'java/lang/ClassNotFoundException'{0x00000000a50df0c8}: org/gradle/api/internal/project/DefaultAntBuilderBeanInfo> (0x00000000a50df0c8) thrown at [./src/hotspot/share/classfile/systemDictionary.cpp, line 231]
Event: 40.053 Thread 0x0000017bfa277800 Exception <a 'java/lang/ClassNotFoundException'{0x00000000a4f1cb40}: org/gradle/api/internal/project/ant/BasicAntBuilderBeanInfo> (0x00000000a4f1cb40) thrown at [./src/hotspot/share/classfile/systemDictionary.cpp, line 231]
Event: 40.058 Thread 0x0000017bfa277800 Exception <a 'java/lang/ClassNotFoundException'{0x00000000a4f4efb0}: org/gradle/api/AntBuilderBeanInfo> (0x00000000a4f4efb0) thrown at [./src/hotspot/share/classfile/systemDictionary.cpp, line 231]
Event: 40.062 Thread 0x0000017bfa277800 Exception <a 'java/lang/ClassNotFoundException'{0x00000000a4fd32d8}: groovy/util/AntBuilderBeanInfo> (0x00000000a4fd32d8) thrown at [./src/hotspot/share/classfile/systemDictionary.cpp, line 231]
Event: 40.065 Thread 0x0000017bfa277800 Exception <a 'java/lang/ClassNotFoundException'{0x00000000a4e58fe8}: groovy/util/BuilderSupportBeanInfo> (0x00000000a4e58fe8) thrown at [./src/hotspot/share/classfile/systemDictionary.cpp, line 231]
Event: 40.068 Thread 0x0000017bfa277800 Exception <a 'java/lang/ClassNotFoundException'{0x00000000a4edf780}: groovy/util/BuilderSupportCustomizer> (0x00000000a4edf780) thrown at [./src/hotspot/share/classfile/systemDictionary.cpp, line 231]
Event: 40.082 Thread 0x0000017bfa277800 Exception <a 'java/lang/ClassNotFoundException'{0x00000000a5f66e60}: groovy/util/AntBuilderCustomizer> (0x00000000a5f66e60) thrown at [./src/hotspot/share/classfile/systemDictionary.cpp, line 231]
Event: 40.086 Thread 0x0000017bfa277800 Exception <a 'java/lang/ClassNotFoundException'{0x00000000a5fa0470}: org/gradle/api/AntBuilderCustomizer> (0x00000000a5fa0470) thrown at [./src/hotspot/share/classfile/systemDictionary.cpp, line 231]
Event: 40.098 Thread 0x0000017bfa277800 Exception <a 'java/lang/ClassNotFoundException'{0x00000000a5fe91d0}: org/gradle/api/internal/project/ant/BasicAntBuilderCustomizer> (0x00000000a5fe91d0) thrown at [./src/hotspot/share/classfile/systemDictionary.cpp, line 231]
Event: 40.105 Thread 0x0000017bfa277800 Exception <a 'java/lang/ClassNotFoundException'{0x00000000a5e39478}: org/gradle/api/internal/project/DefaultAntBuilderCustomizer> (0x00000000a5e39478) thrown at [./src/hotspot/share/classfile/systemDictionary.cpp, line 231]

Events (20 events):
Event: 40.267 loading class org/gradle/api/Action
Event: 40.267 loading class org/gradle/api/Action done
Event: 40.267 loading class org/jetbrains/kotlin/gradle/tasks/AbstractKotlinCompileTool
Event: 40.267 loading class org/jetbrains/kotlin/gradle/tasks/AbstractKotlinCompileTool done
Event: 40.270 loading class org/jetbrains/kotlin/gradle/tasks/KotlinCompileTool
Event: 40.270 loading class org/jetbrains/kotlin/gradle/tasks/KotlinCompileTool done
Event: 40.271 loading class org/jetbrains/kotlin/gradle/internal/CompilerArgumentAwareWithInput
Event: 40.271 loading class org/jetbrains/kotlin/gradle/internal/CompilerArgumentAwareWithInput done
Event: 40.276 loading class org/jetbrains/kotlin/gradle/internal/CompilerArgumentAware
Event: 40.276 loading class org/jetbrains/kotlin/gradle/internal/CompilerArgumentAware done
Event: 40.277 loading class org/jetbrains/kotlin/gradle/internal/tasks/TaskWithLocalState
Event: 40.277 loading class org/jetbrains/kotlin/gradle/internal/tasks/TaskWithLocalState done
Event: 40.279 loading class org/jetbrains/kotlin/gradle/plugin/DefaultKotlinBasePlugin$addKotlinCompilerConfiguration$2
Event: 40.279 loading class org/jetbrains/kotlin/gradle/plugin/DefaultKotlinBasePlugin$addKotlinCompilerConfiguration$2 done
Event: 40.280 loading class org/gradle/api/tasks/TaskCollection
Event: 40.280 loading class org/gradle/api/tasks/TaskCollection done
Event: 40.281 loading class org/jetbrains/kotlin/gradle/utils/GradleConfigurationUtilsKt
Event: 40.281 loading class org/jetbrains/kotlin/gradle/utils/GradleConfigurationUtilsKt done
Event: 40.296 loading class org/jetbrains/kotlin/gradle/utils/GradleConfigurationUtilsKt$addGradlePluginMetadataAttributes$1
Event: 40.296 loading class org/jetbrains/kotlin/gradle/utils/GradleConfigurationUtilsKt$addGradlePluginMetadataAttributes$1 done


Dynamic libraries:
0x00007ff6e91c0000 - 0x00007ff6e91ca000 	C:\Program Files\Android\Android Studio\jre\bin\java.exe
0x00007ffbce9f0000 - 0x00007ffbcec07000 	C:\WINDOWS\SYSTEM32\ntdll.dll
0x00007ffbcdeb0000 - 0x00007ffbcdf74000 	C:\WINDOWS\System32\KERNEL32.DLL
0x00007ffbcbf20000 - 0x00007ffbcc2c6000 	C:\WINDOWS\System32\KERNELBASE.dll
0x00007ffbcbdd0000 - 0x00007ffbcbee1000 	C:\WINDOWS\System32\ucrtbase.dll
0x00007ffbb3700000 - 0x00007ffbb3719000 	C:\Program Files\Android\Android Studio\jre\bin\jli.dll
0x00007ffbaf210000 - 0x00007ffbaf227000 	C:\Program Files\Android\Android Studio\jre\bin\VCRUNTIME140.dll
0x00007ffbcdd00000 - 0x00007ffbcdeae000 	C:\WINDOWS\System32\USER32.dll
0x00007ffbcbef0000 - 0x00007ffbcbf16000 	C:\WINDOWS\System32\win32u.dll
0x00007ffbcd010000 - 0x00007ffbcd039000 	C:\WINDOWS\System32\GDI32.dll
0x00007ffbcc620000 - 0x00007ffbcc738000 	C:\WINDOWS\System32\gdi32full.dll
0x00007ffbcc350000 - 0x00007ffbcc3ea000 	C:\WINDOWS\System32\msvcp_win.dll
0x00007ffbb54b0000 - 0x00007ffbb5743000 	C:\WINDOWS\WinSxS\amd64_microsoft.windows.common-controls_6595b64144ccf1df_6.0.22621.2506_none_270c5ae97388e100\COMCTL32.dll
0x00007ffbcd3d0000 - 0x00007ffbcd477000 	C:\WINDOWS\System32\msvcrt.dll
0x00007ffbce410000 - 0x00007ffbce441000 	C:\WINDOWS\System32\IMM32.DLL
0x00007ffb833e0000 - 0x00007ffb8347d000 	C:\Program Files\Android\Android Studio\jre\bin\msvcp140.dll
0x00007ffb257c0000 - 0x00007ffb262a5000 	C:\Program Files\Android\Android Studio\jre\bin\server\jvm.dll
0x00007ffbce7f0000 - 0x00007ffbce8a1000 	C:\WINDOWS\System32\ADVAPI32.dll
0x00007ffbce450000 - 0x00007ffbce4f5000 	C:\WINDOWS\System32\sechost.dll
0x00007ffbccef0000 - 0x00007ffbcd007000 	C:\WINDOWS\System32\RPCRT4.dll
0x00007ffbcc870000 - 0x00007ffbcc878000 	C:\WINDOWS\System32\PSAPI.DLL
0x00007ffbb5ee0000 - 0x00007ffbb5ee9000 	C:\WINDOWS\SYSTEM32\WSOCK32.dll
0x00007ffbc2e80000 - 0x00007ffbc2eb4000 	C:\WINDOWS\SYSTEM32\WINMM.dll
0x00007ffbcc7f0000 - 0x00007ffbcc861000 	C:\WINDOWS\System32\WS2_32.dll
0x00007ffbc40c0000 - 0x00007ffbc40ca000 	C:\WINDOWS\SYSTEM32\VERSION.dll
0x00007ffbcad20000 - 0x00007ffbcad38000 	C:\WINDOWS\SYSTEM32\kernel.appcore.dll
0x00007ffbb4110000 - 0x00007ffbb4121000 	C:\Program Files\Android\Android Studio\jre\bin\verify.dll
0x00007ffbaeca0000 - 0x00007ffbaeed3000 	C:\WINDOWS\SYSTEM32\DBGHELP.DLL
0x00007ffbcd040000 - 0x00007ffbcd3c9000 	C:\WINDOWS\System32\combase.dll
0x00007ffbce330000 - 0x00007ffbce407000 	C:\WINDOWS\System32\OLEAUT32.dll
0x00007ffbbbe80000 - 0x00007ffbbbeb2000 	C:\WINDOWS\SYSTEM32\dbgcore.DLL
0x00007ffbcc2d0000 - 0x00007ffbcc34a000 	C:\WINDOWS\System32\bcryptPrimitives.dll
0x00007ffbaffe0000 - 0x00007ffbb0009000 	C:\Program Files\Android\Android Studio\jre\bin\java.dll
0x00007ffbaf450000 - 0x00007ffbaf45b000 	C:\Program Files\Android\Android Studio\jre\bin\jimage.dll
0x00007ffbaf430000 - 0x00007ffbaf448000 	C:\Program Files\Android\Android Studio\jre\bin\zip.dll
0x00007ffbcd4a0000 - 0x00007ffbcdcfa000 	C:\WINDOWS\System32\SHELL32.dll
0x00007ffbc9c30000 - 0x00007ffbca526000 	C:\WINDOWS\SYSTEM32\windows.storage.dll
0x00007ffbc9af0000 - 0x00007ffbc9c2e000 	C:\WINDOWS\SYSTEM32\wintypes.dll
0x00007ffbce6a0000 - 0x00007ffbce793000 	C:\WINDOWS\System32\SHCORE.dll
0x00007ffbce270000 - 0x00007ffbce2ce000 	C:\WINDOWS\System32\shlwapi.dll
0x00007ffbcbc90000 - 0x00007ffbcbcb6000 	C:\WINDOWS\SYSTEM32\profapi.dll
0x00007ffbaf410000 - 0x00007ffbaf42a000 	C:\Program Files\Android\Android Studio\jre\bin\net.dll
0x00007ffbc4440000 - 0x00007ffbc4577000 	C:\WINDOWS\SYSTEM32\WINHTTP.dll
0x00007ffbcb190000 - 0x00007ffbcb1f9000 	C:\WINDOWS\system32\mswsock.dll
0x00007ffbaf3f0000 - 0x00007ffbaf404000 	C:\Program Files\Android\Android Studio\jre\bin\nio.dll
0x00007ffbaf1e0000 - 0x00007ffbaf207000 	C:\Users\lenovo\.gradle\native\e1d6ef7f7dcc3fd88c89a11ec53ec762bb8ba0a96d01ffa2cd45eb1d1d8dd5c5\windows-amd64\native-platform.dll
0x00007ffb83d60000 - 0x00007ffb83ea4000 	C:\Users\lenovo\.gradle\native\0d407fdbe67a94daf76414ababcb853783967236a71b16ec16e742cd7a986fd3\windows-amd64\native-platform-file-events.dll
0x00007ffbaf3e0000 - 0x00007ffbaf3ea000 	C:\Program Files\Android\Android Studio\jre\bin\management.dll
0x00007ffbaf3d0000 - 0x00007ffbaf3dd000 	C:\Program Files\Android\Android Studio\jre\bin\management_ext.dll
0x00007ffbcb4e0000 - 0x00007ffbcb4fb000 	C:\WINDOWS\SYSTEM32\CRYPTSP.dll
0x00007ffbcac80000 - 0x00007ffbcacb5000 	C:\WINDOWS\system32\rsaenh.dll
0x00007ffbcb230000 - 0x00007ffbcb25c000 	C:\WINDOWS\SYSTEM32\USERENV.dll
0x00007ffbcb620000 - 0x00007ffbcb648000 	C:\WINDOWS\SYSTEM32\bcrypt.dll
0x00007ffbcb4c0000 - 0x00007ffbcb4cc000 	C:\WINDOWS\SYSTEM32\CRYPTBASE.dll
0x00007ffbca790000 - 0x00007ffbca7bd000 	C:\WINDOWS\SYSTEM32\IPHLPAPI.DLL
0x00007ffbccd20000 - 0x00007ffbccd29000 	C:\WINDOWS\System32\NSI.dll
0x00007ffbc41a0000 - 0x00007ffbc41b9000 	C:\WINDOWS\SYSTEM32\dhcpcsvc6.DLL
0x00007ffbc4140000 - 0x00007ffbc415f000 	C:\WINDOWS\SYSTEM32\dhcpcsvc.DLL
0x00007ffbca800000 - 0x00007ffbca8f9000 	C:\WINDOWS\SYSTEM32\DNSAPI.dll

dbghelp: loaded successfully - version: 4.0.5 - missing functions: none
symbol engine: initialized successfully - sym options: 0x614 - pdb path: .;C:\Program Files\Android\Android Studio\jre\bin;C:\WINDOWS\SYSTEM32;C:\WINDOWS\WinSxS\amd64_microsoft.windows.common-controls_6595b64144ccf1df_6.0.22621.2506_none_270c5ae97388e100;C:\Program Files\Android\Android Studio\jre\bin\server;C:\Users\lenovo\.gradle\native\e1d6ef7f7dcc3fd88c89a11ec53ec762bb8ba0a96d01ffa2cd45eb1d1d8dd5c5\windows-amd64;C:\Users\lenovo\.gradle\native\0d407fdbe67a94daf76414ababcb853783967236a71b16ec16e742cd7a986fd3\windows-amd64

VM Arguments:
jvm_args: --add-opens=java.base/java.util=ALL-UNNAMED --add-opens=java.base/java.lang=ALL-UNNAMED --add-opens=java.base/java.lang.invoke=ALL-UNNAMED --add-opens=java.base/java.util=ALL-UNNAMED --add-opens=java.prefs/java.util.prefs=ALL-UNNAMED --add-opens=java.prefs/java.util.prefs=ALL-UNNAMED --add-opens=java.base/java.nio.charset=ALL-UNNAMED --add-opens=java.base/java.net=ALL-UNNAMED --add-opens=java.base/java.util.concurrent.atomic=ALL-UNNAMED -Xmx1536M -Dfile.encoding=windows-1254 -Duser.country=US -Duser.language=en -Duser.variant 
java_command: org.gradle.launcher.daemon.bootstrap.GradleDaemon 7.5
java_class_path (initial): C:\Users\lenovo\.gradle\wrapper\dists\gradle-7.5-all\6qsw290k5lz422uaf8jf6m7co\gradle-7.5\lib\gradle-launcher-7.5.jar
Launcher Type: SUN_STANDARD

[Global flags]
     intx CICompilerCount                          = 4                                         {product} {ergonomic}
     uint ConcGCThreads                            = 2                                         {product} {ergonomic}
     uint G1ConcRefinementThreads                  = 8                                         {product} {ergonomic}
   size_t G1HeapRegionSize                         = 1048576                                   {product} {ergonomic}
    uintx GCDrainStackTargetSize                   = 64                                        {product} {ergonomic}
   size_t InitialHeapSize                          = 100663296                                 {product} {ergonomic}
   size_t MarkStackSize                            = 4194304                                   {product} {ergonomic}
   size_t MaxHeapSize                              = 1610612736                                {product} {command line}
   size_t MaxNewSize                               = 965738496                                 {product} {ergonomic}
   size_t MinHeapDeltaBytes                        = 1048576                                   {product} {ergonomic}
    uintx NonNMethodCodeHeapSize                   = 5836300                                {pd product} {ergonomic}
    uintx NonProfiledCodeHeapSize                  = 122910970                              {pd product} {ergonomic}
    uintx ProfiledCodeHeapSize                     = 122910970                              {pd product} {ergonomic}
    uintx ReservedCodeCacheSize                    = 251658240                              {pd product} {ergonomic}
     bool SegmentedCodeCache                       = true                                      {product} {ergonomic}
     bool UseCompressedClassPointers               = true                                 {lp64_product} {ergonomic}
     bool UseCompressedOops                        = true                                 {lp64_product} {ergonomic}
     bool UseG1GC                                  = true                                      {product} {ergonomic}
     bool UseLargePagesIndividualAllocation        = false                                  {pd product} {ergonomic}

Logging:
Log output configuration:
 #0: stdout all=warning uptime,level,tags
 #1: stderr all=off uptime,level,tags

Environment Variables:
JAVA_HOME=C:\Program Files\Android\Android Studio\jre
CLASSPATH=C:\Users\lenovo\Desktop\flutter-okul\ecommerce\android\\gradle\wrapper\gradle-wrapper.jar
PATH=C:\Program Files\Android\Android Studio\jre\bin;C:\src\flutter\bin\;C:\Program Files\Microsoft\jdk-11.0.18.10-hotspot\bin;C:\Program Files\Common Files\Oracle\Java\javapath;C:\Program Files (x86)\Common Files\Oracle\Java\javapath;C:\Program Files (x86)\Common Files\Intel\Shared Libraries\redist\intel64_win\compiler;C:\WINDOWS\system32;C:\WINDOWS;C:\WINDOWS\System32\Wbem;C:\WINDOWS\System32\WindowsPowerShell\v1.0\;C:\WINDOWS\System32\OpenSSH\;C:\Program Files\MongoDB\Server\5.0\bin;C:\MinGW\bin;C:\ProgramData\chocolatey\bin;C:\Program Files\nodejs\;C:\Program Files\Git\cmd;C:\Users\lenovo\AppData\Local\Pub\Cache\bin;C:\Users\lenovo\AppData\Local\Pub\Cache\bin;C:\Users\lenovo\AppData\Roaming\Microsoft\Windows\Start Menu\Programs\Python 3.11;C:\Program Files (x86)\Microsoft SQL Server\160\DTS\Binn\;C:\Program Files\Azure Data Studio\bin;C:\Program Files (x86)\Microsoft SQL Server\160\Tools\Binn\;C:\Program Files\Microsoft SQL Server\160\Tools\Binn\;C:\Program Files\Microsoft SQL Server\Client SDK\ODBC\170\Tools\Binn\;C:\Program Files\Microsoft SQL Server\160\DTS\Binn\;C:\Program Files\PuTTY\;C:\Program Files\Go\bin;C:\Program Files\Microsoft SQL Server\150\Tools\Binn\;C:\Program Files\dotnet\;C:\Program Files (x86)\Windows Kits\10\Windows Performance Toolkit\;C:\Users\lenovo\AppData\Local\Programs\Python\Python312\Scripts\;C:\Program Files\MySQL\MySQL Server 8.0\bin;;C:\Program Files\Docker\Docker\resources\bin;C:\Users\lenovo\AppData\Local\Programs\Python\Python312\Scripts\;C:\Users\lenovo\AppData\Local\Programs\Python\Python312\;C:\Users\lenovo\AppData\Local\Programs\Python\Launcher\;C:\Users\lenovo\AppData\Local\Programs\Python\Python39\Scripts\;C:\Users\lenovo\AppData\Local\Programs\Python\Python39\;C:\Users\lenovo\AppData\Local\Microsoft\WindowsApps;C:\Users\lenovo\AppData\Local\GitHubDesktop\bin;C:\Users\lenovo\AppData\Local\Programs\Microsoft VS Code1\bin;C:\Users\lenovo\AppData\Local\Programs\Microsoft VS Code\bin;C:\Users\lenovo\AppData\Roaming\npm;C:\src\fl
USERNAME=lenovo
LANG=en_US.UTF-8
OS=Windows_NT
PROCESSOR_IDENTIFIER=AMD64 Family 23 Model 24 Stepping 1, AuthenticAMD



---------------  S Y S T E M  ---------------

OS: Windows 10 , 64 bit Build 22621 (10.0.22621.2506)
OS uptime: 1 days 15:54 hours
Hyper-V role detected

CPU:total 8 (initial active 8) (8 cores per cpu, 2 threads per core) family 23 model 24 stepping 1 microcode 0x0, cmov, cx8, fxsr, mmx, sse, sse2, sse3, ssse3, sse4.1, sse4.2, popcnt, avx, avx2, aes, clmul, mmxext, 3dnowpref, lzcnt, sse4a, ht, tsc, tscinvbit, tscinv, bmi1, bmi2, adx, sha, fma

Memory: 4k page, system-wide physical 6020M (123M free)
TotalPageFile size 24452M (AvailPageFile size 3M)
current process WorkingSet (physical memory assigned to process): 319M, peak: 329M
current process commit charge ("private bytes"): 368M, peak: 369M

vm_info: OpenJDK 64-Bit Server VM (11.0.12+7-b1504.28-7817840) for windows-amd64 JRE (11.0.12+7-b1504.28-7817840), built on Oct 13 2021 22:12:33 by "builder" with MS VC++ 14.0 (VS2015)

END.
